[debug] [2023-11-27T04:51:37.244Z] ----------------------------------------------------------------------
[debug] [2023-11-27T04:51:37.248Z] Command:       C:\Program Files\nodejs\node.exe C:\Users\alejo\AppData\Roaming\npm\node_modules\firebase-tools\lib\bin\firebase.js init
[debug] [2023-11-27T04:51:37.248Z] CLI Version:   12.8.1
[debug] [2023-11-27T04:51:37.248Z] Platform:      win32
[debug] [2023-11-27T04:51:37.249Z] Node Version:  v20.9.0
[debug] [2023-11-27T04:51:37.249Z] Time:          Sun Nov 26 2023 23:51:37 GMT-0500 (hora estándar de Colombia)
[debug] [2023-11-27T04:51:37.249Z] ----------------------------------------------------------------------
[debug] 
[debug] [2023-11-27T04:51:37.253Z] >>> [apiv2][query] GET https://firebase-public.firebaseio.com/cli.json [none]
[debug] [2023-11-27T04:51:37.370Z] > command requires scopes: ["email","openid","https://www.googleapis.com/auth/cloudplatformprojects.readonly","https://www.googleapis.com/auth/firebase","https://www.googleapis.com/auth/cloud-platform"]
[debug] [2023-11-27T04:51:37.370Z] > authorizing via signed-in user (cosmeticproyecto@gmail.com)
[info] 
     ######## #### ########  ######## ########     ###     ######  ########
     ##        ##  ##     ## ##       ##     ##  ##   ##  ##       ##
     ######    ##  ########  ######   ########  #########  ######  ######
     ##        ##  ##    ##  ##       ##     ## ##     ##       ## ##
     ##       #### ##     ## ######## ########  ##     ##  ######  ########

You're about to initialize a Firebase project in this directory:

  C:\Users\alejo\OneDrive\Escritorio\SENA\6_Sexto_Trimestre\proyecto\front_cosmetic

Before we get started, keep in mind:

  * You are initializing within an existing Firebase project directory

[debug] [2023-11-27T04:51:37.725Z] <<< [apiv2][status] GET https://firebase-public.firebaseio.com/cli.json 200
[debug] [2023-11-27T04:51:37.726Z] <<< [apiv2][body] GET https://firebase-public.firebaseio.com/cli.json {"cloudBuildErrorAfter":1594252800000,"cloudBuildWarnAfter":1590019200000,"defaultNode10After":1594252800000,"minVersion":"3.0.5","node8DeploysDisabledAfter":1613390400000,"node8RuntimeDisabledAfter":1615809600000,"node8WarnAfter":1600128000000}
[info] 
=== Project Setup
[info] 
[info] First, let's associate this project directory with a Firebase project.
[info] You can create multiple project aliases by running firebase use --add, 
[info] but for now we'll just set up a default project.
[info] 
[debug] [2023-11-27T04:52:05.417Z] Using project from CLI flag: cosmetic-proyect-9e0e1
[debug] [2023-11-27T04:52:05.417Z] > refreshing access token with scopes: []
[debug] [2023-11-27T04:52:05.418Z] >>> [apiv2][query] POST https://www.googleapis.com/oauth2/v3/token [none]
[debug] [2023-11-27T04:52:05.419Z] >>> [apiv2][body] POST https://www.googleapis.com/oauth2/v3/token [omitted]
[debug] [2023-11-27T04:52:05.728Z] <<< [apiv2][status] POST https://www.googleapis.com/oauth2/v3/token 200
[debug] [2023-11-27T04:52:05.728Z] <<< [apiv2][body] POST https://www.googleapis.com/oauth2/v3/token [omitted]
[debug] [2023-11-27T04:52:05.734Z] >>> [apiv2][query] GET https://firebase.googleapis.com/v1beta1/projects/cosmetic-proyect-9e0e1 [none]
[debug] [2023-11-27T04:52:06.131Z] <<< [apiv2][status] GET https://firebase.googleapis.com/v1beta1/projects/cosmetic-proyect-9e0e1 200
[debug] [2023-11-27T04:52:06.131Z] <<< [apiv2][body] GET https://firebase.googleapis.com/v1beta1/projects/cosmetic-proyect-9e0e1 {"projectId":"cosmetic-proyect-9e0e1","projectNumber":"621872450150","displayName":"cosmetic-proyect","name":"projects/cosmetic-proyect-9e0e1","resources":{"hostingSite":"cosmetic-proyect-9e0e1"},"state":"ACTIVE","etag":"1_828f0d30-78f5-4d32-b14f-3684ba6c3cf6"}
[info] i  Using project cosmetic-proyect-9e0e1 (cosmetic-proyect) 
[info] 
=== Hosting Setup
[info] 
[info] Your public directory is the folder (relative to your project directory) that
[info] will contain Hosting assets to be uploaded with firebase deploy. If you
[info] have a build process for your assets, use your build's output directory.
[info] 
[debug] [2023-11-27T04:52:42.476Z] ----------------------------------------------------------------------
[debug] [2023-11-27T04:52:42.479Z] Command:       C:\Program Files\nodejs\node.exe C:\Users\alejo\AppData\Roaming\npm\node_modules\firebase-tools\lib\bin\firebase.js init
[debug] [2023-11-27T04:52:42.480Z] CLI Version:   12.8.1
[debug] [2023-11-27T04:52:42.480Z] Platform:      win32
[debug] [2023-11-27T04:52:42.480Z] Node Version:  v20.9.0
[debug] [2023-11-27T04:52:42.480Z] Time:          Sun Nov 26 2023 23:52:42 GMT-0500 (hora estándar de Colombia)
[debug] [2023-11-27T04:52:42.481Z] ----------------------------------------------------------------------
[debug] 
[debug] [2023-11-27T04:52:42.557Z] > command requires scopes: ["email","openid","https://www.googleapis.com/auth/cloudplatformprojects.readonly","https://www.googleapis.com/auth/firebase","https://www.googleapis.com/auth/cloud-platform"]
[debug] [2023-11-27T04:52:42.558Z] > authorizing via signed-in user (cosmeticproyecto@gmail.com)
[info] 
     ######## #### ########  ######## ########     ###     ######  ########
     ##        ##  ##     ## ##       ##     ##  ##   ##  ##       ##
     ######    ##  ########  ######   ########  #########  ######  ######
     ##        ##  ##    ##  ##       ##     ## ##     ##       ## ##
     ##       #### ##     ## ######## ########  ##     ##  ######  ########

You're about to initialize a Firebase project in this directory:

  C:\Users\alejo\OneDrive\Escritorio\SENA\6_Sexto_Trimestre\proyecto\front_cosmetic

Before we get started, keep in mind:

  * You are initializing within an existing Firebase project directory

[info] 
=== Project Setup
[info] 
[info] First, let's associate this project directory with a Firebase project.
[info] You can create multiple project aliases by running firebase use --add, 
[info] but for now we'll just set up a default project.
[info] 
[debug] [2023-11-27T04:52:47.174Z] Using project from CLI flag: cosmetic-proyect-9e0e1
[debug] [2023-11-27T04:52:47.177Z] >>> [apiv2][query] GET https://firebase.googleapis.com/v1beta1/projects/cosmetic-proyect-9e0e1 [none]
[debug] [2023-11-27T04:52:47.679Z] <<< [apiv2][status] GET https://firebase.googleapis.com/v1beta1/projects/cosmetic-proyect-9e0e1 200
[debug] [2023-11-27T04:52:47.679Z] <<< [apiv2][body] GET https://firebase.googleapis.com/v1beta1/projects/cosmetic-proyect-9e0e1 {"projectId":"cosmetic-proyect-9e0e1","projectNumber":"621872450150","displayName":"cosmetic-proyect","name":"projects/cosmetic-proyect-9e0e1","resources":{"hostingSite":"cosmetic-proyect-9e0e1"},"state":"ACTIVE","etag":"1_828f0d30-78f5-4d32-b14f-3684ba6c3cf6"}
[info] i  Using project cosmetic-proyect-9e0e1 (cosmetic-proyect) 
[info] 
=== Hosting Setup
[info] 
[info] Your public directory is the folder (relative to your project directory) that
[info] will contain Hosting assets to be uploaded with firebase deploy. If you
[info] have a build process for your assets, use your build's output directory.
[info] 
[debug] [2023-11-27T04:53:05.745Z] >>> [apiv2][query] GET https://www.gstatic.com/firebasejs/releases.json [none]
[debug] [2023-11-27T04:53:06.208Z] <<< [apiv2][status] GET https://www.gstatic.com/firebasejs/releases.json 200
[debug] [2023-11-27T04:53:06.208Z] <<< [apiv2][body] GET https://www.gstatic.com/firebasejs/releases.json {"current":{"version":"10.6.0","browserURL":"https://www.gstatic.com/firebasejs/10.6.0/firebase.js","packageURL":"https://www.gstatic.com/firebasejs/10.6.0/firebase.tgz"},"live":{"version":"10.6","browserURL":"https://www.gstatic.com/firebasejs/live/10.6/firebase.js","packageURL":"https://www.gstatic.com/firebasejs/live/10.6/firebase.tgz"},"components":{"analytics":"https://www.gstatic.com/firebasejs/10.6.0/firebase-analytics.js","app":"https://www.gstatic.com/firebasejs/10.6.0/firebase-app.js","app-check":"https://www.gstatic.com/firebasejs/10.6.0/firebase-app-check.js","auth":"https://www.gstatic.com/firebasejs/10.6.0/firebase-auth.js","auth/cordova":"https://www.gstatic.com/firebasejs/10.6.0/firebase-auth/cordova.js","functions":"https://www.gstatic.com/firebasejs/10.6.0/firebase-functions.js","firestore":"https://www.gstatic.com/firebasejs/10.6.0/firebase-firestore.js","firestore/lite":"https://www.gstatic.com/firebasejs/10.6.0/firebase-firestore/lite.js","installations":"https://www.gstatic.com/firebasejs/10.6.0/firebase-installations.js","storage":"https://www.gstatic.com/firebasejs/10.6.0/firebase-storage.js","performance":"https://www.gstatic.com/firebasejs/10.6.0/firebase-performance.js","remote-config":"https://www.gstatic.com/firebasejs/10.6.0/firebase-remote-config.js","messaging":"https://www.gstatic.com/firebasejs/10.6.0/firebase-messaging.js","messaging/sw":"https://www.gstatic.com/firebasejs/10.6.0/firebase-messaging/sw.js","database":"https://www.gstatic.com/firebasejs/10.6.0/firebase-database.js","firestore.memory":"https://www.gstatic.com/firebasejs/10.6.0/firebase-firestore.memory.js"}}
[info] +  Wrote public/index.html 
[info] 
[info] i  Detected a .git folder at C:\Users\alejo\OneDrive\Escritorio\SENA\6_Sexto_Trimestre\proyecto\front_cosmetic 
[info] i  Authorizing with GitHub to upload your service account to a GitHub repository's secrets store. 
[info] 
[info] Visit this URL on this device to log in:
[info] https://github.com/login/oauth/authorize?client_id=89cf50f02ac6aaed3484&state=52620288&redirect_uri=http%3A%2F%2Flocalhost%3A9005&scope=read%3Auser%20repo%20public_repo
[info] 
[info] Waiting for authentication...
[debug] [2023-11-27T04:53:24.837Z] >>> [apiv2][query] POST https://github.com/login/oauth/access_token [none]
[debug] [2023-11-27T04:53:24.837Z] >>> [apiv2][body] POST https://github.com/login/oauth/access_token [stream]
[debug] [2023-11-27T04:53:25.217Z] <<< [apiv2][status] POST https://github.com/login/oauth/access_token 200
[debug] [2023-11-27T04:53:25.217Z] <<< [apiv2][body] POST https://github.com/login/oauth/access_token {"access_token":"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","token_type":"bearer","scope":"read:user,repo"}
[debug] [2023-11-27T04:53:25.222Z] >>> [apiv2][query] GET https://api.github.com/user [none]
[debug] [2023-11-27T04:53:25.693Z] <<< [apiv2][status] GET https://api.github.com/user 200
[debug] [2023-11-27T04:53:25.693Z] <<< [apiv2][body] GET https://api.github.com/user {"login":"alejoc0314","id":101745041,"node_id":"U_kgDOBhCBkQ","avatar_url":"https://avatars.githubusercontent.com/u/101745041?v=4","gravatar_id":"","url":"https://api.github.com/users/alejoc0314","html_url":"https://github.com/alejoc0314","followers_url":"https://api.github.com/users/alejoc0314/followers","following_url":"https://api.github.com/users/alejoc0314/following{/other_user}","gists_url":"https://api.github.com/users/alejoc0314/gists{/gist_id}","starred_url":"https://api.github.com/users/alejoc0314/starred{/owner}{/repo}","subscriptions_url":"https://api.github.com/users/alejoc0314/subscriptions","organizations_url":"https://api.github.com/users/alejoc0314/orgs","repos_url":"https://api.github.com/users/alejoc0314/repos","events_url":"https://api.github.com/users/alejoc0314/events{/privacy}","received_events_url":"https://api.github.com/users/alejoc0314/received_events","type":"User","site_admin":false,"name":"Alejandro Cañas Arango","company":null,"blog":"","location":null,"email":null,"hireable":null,"bio":"<Muchas ganas de aprender, muchas ganas de crecer, mucha disciplina para lograrlo!/>","twitter_username":null,"public_repos":14,"public_gists":0,"followers":1,"following":2,"created_at":"2022-03-16T18:45:38Z","updated_at":"2023-10-19T11:39:52Z","private_gists":0,"total_private_repos":0,"owned_private_repos":0,"disk_usage":135933,"collaborators":0,"two_factor_authentication":false,"plan":{"name":"free","space":976562499,"collaborators":0,"private_repos":10000}}
[info] 
[info] +  Success! Logged into GitHub as alejoc0314 
[info] 
[debug] [2023-11-27T04:53:38.500Z] >>> [apiv2][query] GET https://api.github.com/repos//actions/secrets/public-key type=owner
[debug] [2023-11-27T04:53:38.833Z] <<< [apiv2][status] GET https://api.github.com/repos//actions/secrets/public-key 404
[debug] [2023-11-27T04:53:38.833Z] <<< [apiv2][body] GET https://api.github.com/repos//actions/secrets/public-key {"message":"Not Found","documentation_url":"https://docs.github.com/rest"}
[info] 
[info] 
[error] !  The provided authorization cannot be used with this repository. If this repository is in an organization, did you remember to grant access? 
[info] 
[info] i  Action required: Visit this URL to ensure access has been granted to the appropriate organization(s) for the Firebase CLI GitHub OAuth App: 
[info] https://github.com/settings/connections/applications/89cf50f02ac6aaed3484
[info] 
[debug] [2023-11-27T04:53:41.435Z] >>> [apiv2][query] GET https://api.github.com/repos//actions/secrets/public-key type=owner
[debug] [2023-11-27T04:53:41.548Z] <<< [apiv2][status] GET https://api.github.com/repos//actions/secrets/public-key 404
[debug] [2023-11-27T04:53:41.548Z] <<< [apiv2][body] GET https://api.github.com/repos//actions/secrets/public-key {"message":"Not Found","documentation_url":"https://docs.github.com/rest"}
[info] 
[info] 
[error] !  The provided authorization cannot be used with this repository. If this repository is in an organization, did you remember to grant access? 
[info] 
[info] i  Action required: Visit this URL to ensure access has been granted to the appropriate organization(s) for the Firebase CLI GitHub OAuth App: 
[info] https://github.com/settings/connections/applications/89cf50f02ac6aaed3484
[info] 
[debug] [2023-11-27T04:53:43.816Z] >>> [apiv2][query] GET https://api.github.com/repos//actions/secrets/public-key type=owner
[debug] [2023-11-27T04:53:43.946Z] <<< [apiv2][status] GET https://api.github.com/repos//actions/secrets/public-key 404
[debug] [2023-11-27T04:53:43.946Z] <<< [apiv2][body] GET https://api.github.com/repos//actions/secrets/public-key {"message":"Not Found","documentation_url":"https://docs.github.com/rest"}
[info] 
[info] 
[error] !  The provided authorization cannot be used with this repository. If this repository is in an organization, did you remember to grant access? 
[info] 
[info] i  Action required: Visit this URL to ensure access has been granted to the appropriate organization(s) for the Firebase CLI GitHub OAuth App: 
[info] https://github.com/settings/connections/applications/89cf50f02ac6aaed3484
[info] 
[debug] [2023-11-27T04:53:54.541Z] >>> [apiv2][query] GET https://api.github.com/repos//actions/secrets/public-key type=owner
[debug] [2023-11-27T04:53:54.842Z] <<< [apiv2][status] GET https://api.github.com/repos//actions/secrets/public-key 404
[debug] [2023-11-27T04:53:54.842Z] <<< [apiv2][body] GET https://api.github.com/repos//actions/secrets/public-key {"message":"Not Found","documentation_url":"https://docs.github.com/rest"}
[info] 
[info] 
[error] !  The provided authorization cannot be used with this repository. If this repository is in an organization, did you remember to grant access? 
[info] 
[info] i  Action required: Visit this URL to ensure access has been granted to the appropriate organization(s) for the Firebase CLI GitHub OAuth App: 
[info] https://github.com/settings/connections/applications/89cf50f02ac6aaed3484
[info] 
[debug] [2023-11-27T04:54:11.694Z] ----------------------------------------------------------------------
[debug] [2023-11-27T04:54:11.697Z] Command:       C:\Program Files\nodejs\node.exe C:\Users\alejo\AppData\Roaming\npm\node_modules\firebase-tools\lib\bin\firebase.js init
[debug] [2023-11-27T04:54:11.698Z] CLI Version:   12.8.1
[debug] [2023-11-27T04:54:11.698Z] Platform:      win32
[debug] [2023-11-27T04:54:11.698Z] Node Version:  v20.9.0
[debug] [2023-11-27T04:54:11.698Z] Time:          Sun Nov 26 2023 23:54:11 GMT-0500 (hora estándar de Colombia)
[debug] [2023-11-27T04:54:11.698Z] ----------------------------------------------------------------------
[debug] 
[debug] [2023-11-27T04:54:11.774Z] > command requires scopes: ["email","openid","https://www.googleapis.com/auth/cloudplatformprojects.readonly","https://www.googleapis.com/auth/firebase","https://www.googleapis.com/auth/cloud-platform"]
[debug] [2023-11-27T04:54:11.774Z] > authorizing via signed-in user (cosmeticproyecto@gmail.com)
[info] 
     ######## #### ########  ######## ########     ###     ######  ########
     ##        ##  ##     ## ##       ##     ##  ##   ##  ##       ##
     ######    ##  ########  ######   ########  #########  ######  ######
     ##        ##  ##    ##  ##       ##     ## ##     ##       ## ##
     ##       #### ##     ## ######## ########  ##     ##  ######  ########

You're about to initialize a Firebase project in this directory:

  C:\Users\alejo\OneDrive\Escritorio\SENA\6_Sexto_Trimestre\proyecto\front_cosmetic

Before we get started, keep in mind:

  * You are initializing within an existing Firebase project directory

[info] 
=== Project Setup
[info] 
[info] First, let's associate this project directory with a Firebase project.
[info] You can create multiple project aliases by running firebase use --add, 
[info] but for now we'll just set up a default project.
[info] 
[debug] [2023-11-27T04:54:17.225Z] Using project from CLI flag: cosmetic-proyect-9e0e1
[debug] [2023-11-27T04:54:17.227Z] >>> [apiv2][query] GET https://firebase.googleapis.com/v1beta1/projects/cosmetic-proyect-9e0e1 [none]
[debug] [2023-11-27T04:54:17.717Z] <<< [apiv2][status] GET https://firebase.googleapis.com/v1beta1/projects/cosmetic-proyect-9e0e1 200
[debug] [2023-11-27T04:54:17.717Z] <<< [apiv2][body] GET https://firebase.googleapis.com/v1beta1/projects/cosmetic-proyect-9e0e1 {"projectId":"cosmetic-proyect-9e0e1","projectNumber":"621872450150","displayName":"cosmetic-proyect","name":"projects/cosmetic-proyect-9e0e1","resources":{"hostingSite":"cosmetic-proyect-9e0e1"},"state":"ACTIVE","etag":"1_828f0d30-78f5-4d32-b14f-3684ba6c3cf6"}
[info] i  Using project cosmetic-proyect-9e0e1 (cosmetic-proyect) 
[info] 
=== Hosting Setup
[info] 
[info] Your public directory is the folder (relative to your project directory) that
[info] will contain Hosting assets to be uploaded with firebase deploy. If you
[info] have a build process for your assets, use your build's output directory.
[info] 
[debug] [2023-11-27T04:54:22.974Z] >>> [apiv2][query] GET https://www.gstatic.com/firebasejs/releases.json [none]
[debug] [2023-11-27T04:54:23.206Z] <<< [apiv2][status] GET https://www.gstatic.com/firebasejs/releases.json 200
[debug] [2023-11-27T04:54:23.206Z] <<< [apiv2][body] GET https://www.gstatic.com/firebasejs/releases.json {"current":{"version":"10.6.0","browserURL":"https://www.gstatic.com/firebasejs/10.6.0/firebase.js","packageURL":"https://www.gstatic.com/firebasejs/10.6.0/firebase.tgz"},"live":{"version":"10.6","browserURL":"https://www.gstatic.com/firebasejs/live/10.6/firebase.js","packageURL":"https://www.gstatic.com/firebasejs/live/10.6/firebase.tgz"},"components":{"analytics":"https://www.gstatic.com/firebasejs/10.6.0/firebase-analytics.js","app":"https://www.gstatic.com/firebasejs/10.6.0/firebase-app.js","app-check":"https://www.gstatic.com/firebasejs/10.6.0/firebase-app-check.js","auth":"https://www.gstatic.com/firebasejs/10.6.0/firebase-auth.js","auth/cordova":"https://www.gstatic.com/firebasejs/10.6.0/firebase-auth/cordova.js","functions":"https://www.gstatic.com/firebasejs/10.6.0/firebase-functions.js","firestore":"https://www.gstatic.com/firebasejs/10.6.0/firebase-firestore.js","firestore/lite":"https://www.gstatic.com/firebasejs/10.6.0/firebase-firestore/lite.js","installations":"https://www.gstatic.com/firebasejs/10.6.0/firebase-installations.js","storage":"https://www.gstatic.com/firebasejs/10.6.0/firebase-storage.js","performance":"https://www.gstatic.com/firebasejs/10.6.0/firebase-performance.js","remote-config":"https://www.gstatic.com/firebasejs/10.6.0/firebase-remote-config.js","messaging":"https://www.gstatic.com/firebasejs/10.6.0/firebase-messaging.js","messaging/sw":"https://www.gstatic.com/firebasejs/10.6.0/firebase-messaging/sw.js","database":"https://www.gstatic.com/firebasejs/10.6.0/firebase-database.js","firestore.memory":"https://www.gstatic.com/firebasejs/10.6.0/firebase-firestore.memory.js"}}
[info] +  Wrote public/index.html 
[info] 
[info] i  Detected a .git folder at C:\Users\alejo\OneDrive\Escritorio\SENA\6_Sexto_Trimestre\proyecto\front_cosmetic 
[info] i  Authorizing with GitHub to upload your service account to a GitHub repository's secrets store. 
[info] 
[info] Visit this URL on this device to log in:
[info] https://github.com/login/oauth/authorize?client_id=89cf50f02ac6aaed3484&state=968139374&redirect_uri=http%3A%2F%2Flocalhost%3A9005&scope=read%3Auser%20repo%20public_repo
[info] 
[info] Waiting for authentication...
[debug] [2023-11-27T04:54:25.328Z] >>> [apiv2][query] POST https://github.com/login/oauth/access_token [none]
[debug] [2023-11-27T04:54:25.328Z] >>> [apiv2][body] POST https://github.com/login/oauth/access_token [stream]
[debug] [2023-11-27T04:54:25.760Z] <<< [apiv2][status] POST https://github.com/login/oauth/access_token 200
[debug] [2023-11-27T04:54:25.760Z] <<< [apiv2][body] POST https://github.com/login/oauth/access_token {"access_token":"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","token_type":"bearer","scope":"read:user,repo"}
[debug] [2023-11-27T04:54:25.766Z] >>> [apiv2][query] GET https://api.github.com/user [none]
[debug] [2023-11-27T04:54:26.108Z] <<< [apiv2][status] GET https://api.github.com/user 200
[debug] [2023-11-27T04:54:26.108Z] <<< [apiv2][body] GET https://api.github.com/user {"login":"alejoc0314","id":101745041,"node_id":"U_kgDOBhCBkQ","avatar_url":"https://avatars.githubusercontent.com/u/101745041?v=4","gravatar_id":"","url":"https://api.github.com/users/alejoc0314","html_url":"https://github.com/alejoc0314","followers_url":"https://api.github.com/users/alejoc0314/followers","following_url":"https://api.github.com/users/alejoc0314/following{/other_user}","gists_url":"https://api.github.com/users/alejoc0314/gists{/gist_id}","starred_url":"https://api.github.com/users/alejoc0314/starred{/owner}{/repo}","subscriptions_url":"https://api.github.com/users/alejoc0314/subscriptions","organizations_url":"https://api.github.com/users/alejoc0314/orgs","repos_url":"https://api.github.com/users/alejoc0314/repos","events_url":"https://api.github.com/users/alejoc0314/events{/privacy}","received_events_url":"https://api.github.com/users/alejoc0314/received_events","type":"User","site_admin":false,"name":"Alejandro Cañas Arango","company":null,"blog":"","location":null,"email":null,"hireable":null,"bio":"<Muchas ganas de aprender, muchas ganas de crecer, mucha disciplina para lograrlo!/>","twitter_username":null,"public_repos":14,"public_gists":0,"followers":1,"following":2,"created_at":"2022-03-16T18:45:38Z","updated_at":"2023-10-19T11:39:52Z","private_gists":0,"total_private_repos":0,"owned_private_repos":0,"disk_usage":135933,"collaborators":0,"two_factor_authentication":false,"plan":{"name":"free","space":976562499,"collaborators":0,"private_repos":10000}}
[info] 
[info] +  Success! Logged into GitHub as alejoc0314 
[info] 
